<?xml version="1.0" encoding="UTF-8"?>
<testsuite xmlns:xsi="http://www.w3.org/2001/XMLSchema-instance" xsi:noNamespaceSchemaLocation="https://maven.apache.org/surefire/maven-surefire-plugin/xsd/surefire-test-report-3.0.xsd" version="3.0" name="com.skybooker.gateway.ApiGatewayApplicationTests" time="14.449" tests="1" errors="0" skipped="0" failures="0">
  <properties>
[...]
</properties>
  <testcase name="contextLoads" classname="com.skybooker.gateway.ApiGatewayApplicationTests" time="1.749">
    <system-out><![CDATA[14:35:00.477 [main] INFO org.springframework.test.context.support.AnnotationConfigContextLoaderUtils -- Could not detect default configuration classes for test class [com.skybooker.gateway.ApiGatewayApplicationTests]: ApiGatewayApplicationTests does not declare any static, non-private, non-final, nested classes annotated with @Configuration.
14:35:00.964 [main] INFO org.springframework.boot.test.context.SpringBootTestContextBootstrapper -- Found @SpringBootConfiguration com.skybooker.gateway.ApiGatewayApplication for test class com.skybooker.gateway.ApiGatewayApplicationTests

  .   ____          _            __ _ _
 /\\ / ___'_ __ _ _(_)_ __  __ _ \ \ \ \
( ( )\___ | '_ | '_| | '_ \/ _` | \ \ \ \
 \\/  ___)| |_)| | | | | || (_| |  ) ) ) )
  '  |____| .__|_| |_|_| |_\__, | / / / /
 =========|_|==============|___/=/_/_/_/
 :: Spring Boot ::                (v3.2.0)

2026-05-16T14:35:03.170+05:30  INFO 19400 --- [api-gateway] [           main] c.s.gateway.ApiGatewayApplicationTests   : Starting ApiGatewayApplicationTests using Java 23.0.1 with PID 19400 (started by Aditya Narayan Gupta in E:\SkyBooker\api-gateway)
2026-05-16T14:35:03.174+05:30  INFO 19400 --- [api-gateway] [           main] c.s.gateway.ApiGatewayApplicationTests   : No active profile set, falling back to 1 default profile: "default"
2026-05-16T14:35:07.760+05:30  INFO 19400 --- [api-gateway] [           main] o.s.cloud.context.scope.GenericScope     : BeanFactory id=d79fc5f0-6101-3065-983f-c4009e473994
2026-05-16T14:35:10.399+05:30  INFO 19400 --- [api-gateway] [           main] o.s.c.g.r.RouteDefinitionRouteLocator    : Loaded RoutePredicateFactory [After]
2026-05-16T14:35:10.399+05:30  INFO 19400 --- [api-gateway] [           main] o.s.c.g.r.RouteDefinitionRouteLocator    : Loaded RoutePredicateFactory [Before]
2026-05-16T14:35:10.400+05:30  INFO 19400 --- [api-gateway] [           main] o.s.c.g.r.RouteDefinitionRouteLocator    : Loaded RoutePredicateFactory [Between]
2026-05-16T14:35:10.400+05:30  INFO 19400 --- [api-gateway] [           main] o.s.c.g.r.RouteDefinitionRouteLocator    : Loaded RoutePredicateFactory [Cookie]
2026-05-16T14:35:10.400+05:30  INFO 19400 --- [api-gateway] [           main] o.s.c.g.r.RouteDefinitionRouteLocator    : Loaded RoutePredicateFactory [Header]
2026-05-16T14:35:10.400+05:30  INFO 19400 --- [api-gateway] [           main] o.s.c.g.r.RouteDefinitionRouteLocator    : Loaded RoutePredicateFactory [Host]
2026-05-16T14:35:10.400+05:30  INFO 19400 --- [api-gateway] [           main] o.s.c.g.r.RouteDefinitionRouteLocator    : Loaded RoutePredicateFactory [Method]
2026-05-16T14:35:10.401+05:30  INFO 19400 --- [api-gateway] [           main] o.s.c.g.r.RouteDefinitionRouteLocator    : Loaded RoutePredicateFactory [Path]
2026-05-16T14:35:10.401+05:30  INFO 19400 --- [api-gateway] [           main] o.s.c.g.r.RouteDefinitionRouteLocator    : Loaded RoutePredicateFactory [Query]
2026-05-16T14:35:10.403+05:30  INFO 19400 --- [api-gateway] [           main] o.s.c.g.r.RouteDefinitionRouteLocator    : Loaded RoutePredicateFactory [ReadBody]
2026-05-16T14:35:10.403+05:30  INFO 19400 --- [api-gateway] [           main] o.s.c.g.r.RouteDefinitionRouteLocator    : Loaded RoutePredicateFactory [RemoteAddr]
2026-05-16T14:35:10.404+05:30  INFO 19400 --- [api-gateway] [           main] o.s.c.g.r.RouteDefinitionRouteLocator    : Loaded RoutePredicateFactory [XForwardedRemoteAddr]
2026-05-16T14:35:10.404+05:30  INFO 19400 --- [api-gateway] [           main] o.s.c.g.r.RouteDefinitionRouteLocator    : Loaded RoutePredicateFactory [Weight]
2026-05-16T14:35:10.404+05:30  INFO 19400 --- [api-gateway] [           main] o.s.c.g.r.RouteDefinitionRouteLocator    : Loaded RoutePredicateFactory [CloudFoundryRouteService]
2026-05-16T14:35:11.225+05:30  INFO 19400 --- [api-gateway] [           main] o.s.b.a.e.web.EndpointLinksResolver      : Exposing 2 endpoint(s) beneath base path '/actuator'
2026-05-16T14:35:12.177+05:30  INFO 19400 --- [api-gateway] [           main] c.s.gateway.ApiGatewayApplicationTests   : Started ApiGatewayApplicationTests in 10.479 seconds (process running for 15.219)
]]></system-out>
    <system-err><![CDATA[WARNING: A Java agent has been loaded dynamically (C:\Users\Aditya Narayan Gupta\.m2\repository\net\bytebuddy\byte-buddy-agent\1.14.10\byte-buddy-agent-1.14.10.jar)
WARNING: If a serviceability tool is in use, please run with -XX:+EnableDynamicAgentLoading to hide this warning
WARNING: If a serviceability tool is not in use, please run with -Djdk.instrument.traceUsage for more information
WARNING: Dynamic loading of agents will be disallowed by default in a future release
]]></system-err>
  </testcase>
</testsuite>