<?xml version="1.0" encoding="UTF-8"?>
<testsuite xmlns:xsi="http://www.w3.org/2001/XMLSchema-instance" xsi:noNamespaceSchemaLocation="https://maven.apache.org/surefire/maven-surefire-plugin/xsd/surefire-test-report-3.0.xsd" version="3.0" name="com.skybooker.airline.AirlineServiceImplTest" time="0.793" tests="16" errors="0" skipped="0" failures="0">
  <properties>
[...]
</properties>
  <testcase name="getAirlineByIata_WhenExists_ShouldReturnAirline" classname="com.skybooker.airline.AirlineServiceImplTest" time="0.48"/>
  <testcase name="getAllAirlines_ShouldReturnAll" classname="com.skybooker.airline.AirlineServiceImplTest" time="0.005"/>
  <testcase name="getAirportById_WhenExists_ShouldReturnAirport" classname="com.skybooker.airline.AirlineServiceImplTest" time="0.005"/>
  <testcase name="addAirport_WhenIataCodeIsUnique_ShouldSucceed" classname="com.skybooker.airline.AirlineServiceImplTest" time="0.009">
    <system-out><![CDATA[2026-05-13T09:49:16.970+05:30  INFO 30272 --- [airline-service] [           main] c.s.airline.service.AirlineServiceImpl   : Adding airport — name: Indira Gandhi International Airport, IATA: DEL, city: Delhi
2026-05-13T09:49:16.972+05:30  INFO 30272 --- [airline-service] [           main] c.s.airline.service.AirlineServiceImpl   : Airport added — ID: 1, name: Indira Gandhi International Airport, city: Delhi
]]></system-out>
  </testcase>
  <testcase name="updateAirline_WhenExists_ShouldUpdateSuccessfully" classname="com.skybooker.airline.AirlineServiceImplTest" time="0.007">
    <system-out><![CDATA[2026-05-13T09:49:16.979+05:30  INFO 30272 --- [airline-service] [           main] c.s.airline.service.AirlineServiceImpl   : Updating airline — id: 1
2026-05-13T09:49:16.981+05:30  INFO 30272 --- [airline-service] [           main] c.s.airline.service.AirlineServiceImpl   : Airline updated — id: 1, name: IndiGo Airlines
]]></system-out>
  </testcase>
  <testcase name="getAirlineById_WhenNotFound_ShouldThrowException" classname="com.skybooker.airline.AirlineServiceImplTest" time="0.015">
    <system-out><![CDATA[2026-05-13T09:49:16.996+05:30  WARN 30272 --- [airline-service] [           main] c.s.airline.service.AirlineServiceImpl   : Airline not found — id: 99
]]></system-out>
  </testcase>
  <testcase name="searchAirports_WhenNoMatch_ShouldReturnEmptyList" classname="com.skybooker.airline.AirlineServiceImplTest" time="0.007">
    <system-out><![CDATA[2026-05-13T09:49:17.005+05:30  INFO 30272 --- [airline-service] [           main] c.s.airline.service.AirlineServiceImpl   : Searching airports — keyword: XYZ
2026-05-13T09:49:17.006+05:30  INFO 30272 --- [airline-service] [           main] c.s.airline.service.AirlineServiceImpl   : Airport search results — 0 found for keyword: XYZ
]]></system-out>
  </testcase>
  <testcase name="getAirlineByIata_WhenNotFound_ShouldThrowException" classname="com.skybooker.airline.AirlineServiceImplTest" time="0.017">
    <system-out><![CDATA[2026-05-13T09:49:17.024+05:30  WARN 30272 --- [airline-service] [           main] c.s.airline.service.AirlineServiceImpl   : Airline not found — IATA: XX
]]></system-out>
  </testcase>
  <testcase name="searchAirports_ShouldReturnMatchingAirports" classname="com.skybooker.airline.AirlineServiceImplTest" time="0.016">
    <system-out><![CDATA[2026-05-13T09:49:17.041+05:30  INFO 30272 --- [airline-service] [           main] c.s.airline.service.AirlineServiceImpl   : Searching airports — keyword: Delhi
2026-05-13T09:49:17.042+05:30  INFO 30272 --- [airline-service] [           main] c.s.airline.service.AirlineServiceImpl   : Airport search results — 1 found for keyword: Delhi
]]></system-out>
  </testcase>
  <testcase name="getActiveAirlines_ShouldReturnOnlyActiveOnes" classname="com.skybooker.airline.AirlineServiceImplTest" time="0.014"/>
  <testcase name="toggleAirlineStatus_WhenInactive_ShouldActivate" classname="com.skybooker.airline.AirlineServiceImplTest" time="0.008">
    <system-out><![CDATA[2026-05-13T09:49:17.067+05:30  INFO 30272 --- [airline-service] [           main] c.s.airline.service.AirlineServiceImpl   : Toggle status request — airlineId: 1
2026-05-13T09:49:17.070+05:30  INFO 30272 --- [airline-service] [           main] c.s.airline.service.AirlineServiceImpl   : Airline status changed — id: 1, new status: ACTIVE
]]></system-out>
  </testcase>
  <testcase name="getAirlineById_WhenExists_ShouldReturnAirline" classname="com.skybooker.airline.AirlineServiceImplTest" time="0.01"/>
  <testcase name="addAirport_WhenIataCodeExists_ShouldThrowException" classname="com.skybooker.airline.AirlineServiceImplTest" time="0.036">
    <system-out><![CDATA[2026-05-13T09:49:17.097+05:30  INFO 30272 --- [airline-service] [           main] c.s.airline.service.AirlineServiceImpl   : Adding airport — name: Indira Gandhi International Airport, IATA: DEL, city: Delhi
2026-05-13T09:49:17.099+05:30  WARN 30272 --- [airline-service] [           main] c.s.airline.service.AirlineServiceImpl   : Airport add rejected — IATA code already exists: DEL
]]></system-out>
  </testcase>
  <testcase name="toggleAirlineStatus_WhenActive_ShouldDeactivate" classname="com.skybooker.airline.AirlineServiceImplTest" time="0.039">
    <system-out><![CDATA[2026-05-13T09:49:17.139+05:30  INFO 30272 --- [airline-service] [           main] c.s.airline.service.AirlineServiceImpl   : Toggle status request — airlineId: 1
2026-05-13T09:49:17.144+05:30  INFO 30272 --- [airline-service] [           main] c.s.airline.service.AirlineServiceImpl   : Airline status changed — id: 1, new status: INACTIVE
]]></system-out>
  </testcase>
  <testcase name="addAirline_WhenIataCodeIsUnique_ShouldSucceed" classname="com.skybooker.airline.AirlineServiceImplTest" time="0.014">
    <system-out><![CDATA[2026-05-13T09:49:17.190+05:30  INFO 30272 --- [airline-service] [           main] c.s.airline.service.AirlineServiceImpl   : Adding airline — name: IndiGo, IATA: 6E
2026-05-13T09:49:17.191+05:30  INFO 30272 --- [airline-service] [           main] c.s.airline.service.AirlineServiceImpl   : Airline added — ID: 1, name: IndiGo, IATA: 6E
]]></system-out>
  </testcase>
  <testcase name="addAirline_WhenIataCodeAlreadyExists_ShouldThrowException" classname="com.skybooker.airline.AirlineServiceImplTest" time="0.013">
    <system-out><![CDATA[2026-05-13T09:49:17.201+05:30  INFO 30272 --- [airline-service] [           main] c.s.airline.service.AirlineServiceImpl   : Adding airline — name: IndiGo, IATA: 6E
2026-05-13T09:49:17.204+05:30  WARN 30272 --- [airline-service] [           main] c.s.airline.service.AirlineServiceImpl   : Airline add rejected — IATA code already exists: 6E
]]></system-out>
  </testcase>
</testsuite>