<?xml version="1.0" encoding="UTF-8"?>
<testsuite xmlns:xsi="http://www.w3.org/2001/XMLSchema-instance" xsi:noNamespaceSchemaLocation="https://maven.apache.org/surefire/maven-surefire-plugin/xsd/surefire-test-report-3.0.xsd" version="3.0" name="com.skybooker.passenger.PassengerServiceImplTest" time="0.801" tests="15" errors="0" skipped="0" failures="0">
  <properties>
[...]
</properties>
  <testcase name="deletePassenger_WhenNotFound_ShouldThrowException" classname="com.skybooker.passenger.PassengerServiceImplTest" time="0.549">
    <system-out><![CDATA[2026-05-13T09:14:20.589+05:30  INFO 25792 --- [passenger-service] [           main] c.s.p.service.PassengerServiceImpl       : Deleting passenger — id: 99
2026-05-13T09:14:20.597+05:30  WARN 25792 --- [passenger-service] [           main] c.s.p.service.PassengerServiceImpl       : Delete failed — passenger not found: 99
]]></system-out>
  </testcase>
  <testcase name="assignSeat_WhenSeatIsFree_ShouldSucceed" classname="com.skybooker.passenger.PassengerServiceImplTest" time="0.023">
    <system-out><![CDATA[2026-05-13T09:14:20.665+05:30  INFO 25792 --- [passenger-service] [           main] c.s.p.service.PassengerServiceImpl       : Assigning seat — passengerId: 1, seat: 12A
2026-05-13T09:14:20.667+05:30  INFO 25792 --- [passenger-service] [           main] c.s.p.service.PassengerServiceImpl       : Seat assigned — passengerId: 1, seat: 12A
]]></system-out>
  </testcase>
  <testcase name="assignSeat_WhenSeatAlreadyTaken_ShouldThrowException" classname="com.skybooker.passenger.PassengerServiceImplTest" time="0.009">
    <system-out><![CDATA[2026-05-13T09:14:20.678+05:30  INFO 25792 --- [passenger-service] [           main] c.s.p.service.PassengerServiceImpl       : Assigning seat — passengerId: 1, seat: 12A
2026-05-13T09:14:20.679+05:30  WARN 25792 --- [passenger-service] [           main] c.s.p.service.PassengerServiceImpl       : Seat assignment failed — seat already taken: 12A
]]></system-out>
  </testcase>
  <testcase name="getPassengerCount_ShouldReturnCorrectCount" classname="com.skybooker.passenger.PassengerServiceImplTest" time="0.01"/>
  <testcase name="getPassengersByBooking_ShouldReturnAllPassengers" classname="com.skybooker.passenger.PassengerServiceImplTest" time="0.009"/>
  <testcase name="getPassengerById_WhenNotFound_ShouldThrowException" classname="com.skybooker.passenger.PassengerServiceImplTest" time="0.008">
    <system-out><![CDATA[2026-05-13T09:14:20.714+05:30  WARN 25792 --- [passenger-service] [           main] c.s.p.service.PassengerServiceImpl       : Passenger not found — id: 99
]]></system-out>
  </testcase>
  <testcase name="addPassenger_InfantOlderThan2Years_ShouldThrowException" classname="com.skybooker.passenger.PassengerServiceImplTest" time="0.012">
    <system-out><![CDATA[2026-05-13T09:14:20.727+05:30  INFO 25792 --- [passenger-service] [           main] c.s.p.service.PassengerServiceImpl       : Adding passenger — bookingId: BK-001, name: Rahul Sharma, type: INFANT
2026-05-13T09:14:20.727+05:30  WARN 25792 --- [passenger-service] [           main] c.s.p.service.PassengerServiceImpl       : Validation failed — infant age exceeds 2 years
]]></system-out>
  </testcase>
  <testcase name="addPassenger_WithExpiredPassport_ShouldThrowException" classname="com.skybooker.passenger.PassengerServiceImplTest" time="0.008">
    <system-out><![CDATA[2026-05-13T09:14:20.734+05:30  INFO 25792 --- [passenger-service] [           main] c.s.p.service.PassengerServiceImpl       : Adding passenger — bookingId: BK-001, name: Rahul Sharma, type: ADULT
2026-05-13T09:14:20.734+05:30  WARN 25792 --- [passenger-service] [           main] c.s.p.service.PassengerServiceImpl       : Validation failed — passport expired for: Rahul Sharma
]]></system-out>
  </testcase>
  <testcase name="getByPassportNumber_WhenExists_ShouldReturnPassenger" classname="com.skybooker.passenger.PassengerServiceImplTest" time="0.01"/>
  <testcase name="addPassenger_ValidInfant_ShouldSucceed" classname="com.skybooker.passenger.PassengerServiceImplTest" time="0.017">
    <system-out><![CDATA[2026-05-13T09:14:20.779+05:30  INFO 25792 --- [passenger-service] [           main] c.s.p.service.PassengerServiceImpl       : Adding passenger — bookingId: BK-001, name: Rahul Sharma, type: INFANT
2026-05-13T09:14:20.781+05:30  INFO 25792 --- [passenger-service] [           main] c.s.p.service.PassengerServiceImpl       : Passenger added — ticketNumber: TKT-ABCD1234, bookingId: BK-001
]]></system-out>
  </testcase>
  <testcase name="deletePassenger_WhenExists_ShouldDeleteSuccessfully" classname="com.skybooker.passenger.PassengerServiceImplTest" time="0.021">
    <system-out><![CDATA[2026-05-13T09:14:20.795+05:30  INFO 25792 --- [passenger-service] [           main] c.s.p.service.PassengerServiceImpl       : Deleting passenger — id: 1
2026-05-13T09:14:20.799+05:30  INFO 25792 --- [passenger-service] [           main] c.s.p.service.PassengerServiceImpl       : Passenger deleted — id: 1
]]></system-out>
  </testcase>
  <testcase name="addPassenger_ValidAdult_ShouldSucceed" classname="com.skybooker.passenger.PassengerServiceImplTest" time="0.01">
    <system-out><![CDATA[2026-05-13T09:14:20.814+05:30  INFO 25792 --- [passenger-service] [           main] c.s.p.service.PassengerServiceImpl       : Adding passenger — bookingId: BK-001, name: Rahul Sharma, type: ADULT
2026-05-13T09:14:20.816+05:30  INFO 25792 --- [passenger-service] [           main] c.s.p.service.PassengerServiceImpl       : Passenger added — ticketNumber: TKT-ABCD1234, bookingId: BK-001
]]></system-out>
  </testcase>
  <testcase name="getPassengerById_WhenExists_ShouldReturnPassenger" classname="com.skybooker.passenger.PassengerServiceImplTest" time="0.013"/>
  <testcase name="addPassenger_ChildOlderThan12Years_ShouldThrowException" classname="com.skybooker.passenger.PassengerServiceImplTest" time="0.015">
    <system-out><![CDATA[2026-05-13T09:14:20.848+05:30  INFO 25792 --- [passenger-service] [           main] c.s.p.service.PassengerServiceImpl       : Adding passenger — bookingId: BK-001, name: Rahul Sharma, type: CHILD
2026-05-13T09:14:20.848+05:30  WARN 25792 --- [passenger-service] [           main] c.s.p.service.PassengerServiceImpl       : Validation failed — child age exceeds 12 years
]]></system-out>
  </testcase>
  <testcase name="getByPassportNumber_WhenNotFound_ShouldThrowException" classname="com.skybooker.passenger.PassengerServiceImplTest" time="0.014">
    <system-out><![CDATA[2026-05-13T09:14:20.867+05:30  WARN 25792 --- [passenger-service] [           main] c.s.p.service.PassengerServiceImpl       : Passenger not found — passport: Z9999999
]]></system-out>
  </testcase>
</testsuite>