GROUP,PACKAGE,CLASS,INSTRUCTION_MISSED,INSTRUCTION_COVERED,BRANCH_MISSED,BRANCH_COVERED,LINE_MISSED,LINE_COVERED,COMPLEXITY_MISSED,COMPLEXITY_COVERED,METHOD_MISSED,METHOD_COVERED
payment-service,com.skybooker.payment.security,JwtUtil,48,12,2,0,14,3,4,2,3,2
payment-service,com.skybooker.payment.security,JwtFilter,63,10,10,0,16,4,6,2,1,2
payment-service,com.skybooker.payment.dto,PaymentResponse,465,75,90,0,5,10,54,21,9,21
payment-service,com.skybooker.payment.dto,PaymentRequest,171,31,32,0,1,6,21,9,5,9
payment-service,com.skybooker.payment.service,PaymentServiceImpl,1,347,1,8,1,74,1,18,0,13
payment-service,com.skybooker.payment.controller,PaymentController,40,6,0,0,10,1,5,1,5,1
payment-service,com.skybooker.payment,PaymentServiceApplication,5,3,0,0,2,1,1,1,1,1
payment-service,com.skybooker.payment.config,SecurityConfig,70,74,0,0,16,14,2,6,2,6
payment-service,com.skybooker.payment.config,GlobalExceptionHandler,63,3,0,0,12,1,2,1,2,1
payment-service,com.skybooker.payment.entity,Payment,457,84,90,0,2,13,51,24,6,24
